<?xml version="1.0" encoding="UTF-8"?>
<!-- Generated by org.testng.reporters.JUnitReportReporter -->
<testsuite hostname="DESKTOP-R8SHTIK" failures="0" tests="4" name="com.test.OrganisingTestCases" time="0.041" errors="0" timestamp="2023-01-27T11:52:09 IST" skipped="0">
  <testcase classname="com.test.OrganisingTestCases" name="e" time="0.010"/>
  <system-out/>
  <testcase classname="com.test.OrganisingTestCases" name="f" time="0.005"/>
  <system-out/>
  <testcase classname="com.test.OrganisingTestCases" name="d" time="0.006"/>
  <system-out/>
  <testcase classname="com.test.OrganisingTestCases" name="c" time="0.020"/>
  <system-out/>
</testsuite> <!-- com.test.OrganisingTestCases -->
